2017-09-30 14:43:56.712+0000 INFO  ======== Neo4j 3.2.5 ========
2017-09-30 14:43:56.769+0000 INFO  Starting...
2017-09-30 14:43:58.419+0000 INFO  Bolt enabled on 127.0.0.1:7687.
2017-09-30 14:44:01.308+0000 INFO  Started.
2017-09-30 14:44:02.522+0000 INFO  Remote interface available at http://localhost:7474/
2017-09-30 14:45:17.125+0000 INFO  Neo4j Server shutdown initiated by request
2017-09-30 14:45:17.136+0000 INFO  Stopping...
2017-09-30 14:45:17.170+0000 INFO  Stopped.
2017-09-30 14:45:19.359+0000 INFO  ======== Neo4j 3.2.5 ========
2017-09-30 14:45:19.394+0000 INFO  Starting...
2017-09-30 14:45:20.357+0000 INFO  Bolt enabled on 127.0.0.1:7687.
2017-09-30 14:45:23.272+0000 INFO  Started.
2017-09-30 14:45:24.320+0000 INFO  Remote interface available at http://localhost:7474/
2017-09-30 14:48:03.969+0000 INFO  Neo4j Server shutdown initiated by request
2017-09-30 14:48:03.980+0000 INFO  Stopping...
2017-09-30 14:48:04.016+0000 INFO  Stopped.
2017-09-30 14:48:10.064+0000 INFO  ======== Neo4j 3.2.5 ========
2017-09-30 14:48:10.101+0000 INFO  Starting...
2017-09-30 14:48:11.104+0000 INFO  Bolt enabled on 127.0.0.1:7687.
2017-09-30 14:48:11.312+0000 INFO  Starting upgrade of database
2017-09-30 14:48:11.350+0000 INFO  Migrating Indexes (1/3):
2017-09-30 14:48:11.352+0000 INFO    10% completed
2017-09-30 14:48:11.352+0000 INFO    20% completed
2017-09-30 14:48:11.352+0000 INFO    30% completed
2017-09-30 14:48:11.352+0000 INFO    40% completed
2017-09-30 14:48:11.352+0000 INFO    50% completed
2017-09-30 14:48:11.352+0000 INFO    60% completed
2017-09-30 14:48:11.352+0000 INFO    70% completed
2017-09-30 14:48:11.353+0000 INFO    80% completed
2017-09-30 14:48:11.353+0000 INFO    90% completed
2017-09-30 14:48:11.353+0000 INFO    100% completed
2017-09-30 14:48:11.353+0000 INFO  Migrating Legacy indexes (2/3):
2017-09-30 14:48:11.353+0000 INFO    10% completed
2017-09-30 14:48:11.354+0000 INFO    20% completed
2017-09-30 14:48:11.354+0000 INFO    30% completed
2017-09-30 14:48:11.354+0000 INFO    40% completed
2017-09-30 14:48:11.354+0000 INFO    50% completed
2017-09-30 14:48:11.354+0000 INFO    60% completed
2017-09-30 14:48:11.354+0000 INFO    70% completed
2017-09-30 14:48:11.354+0000 INFO    80% completed
2017-09-30 14:48:11.354+0000 INFO    90% completed
2017-09-30 14:48:11.354+0000 INFO    100% completed
2017-09-30 14:48:11.355+0000 INFO  Migrating Store files (3/3):
2017-09-30 14:48:11.364+0000 INFO    10% completed
2017-09-30 14:48:11.364+0000 INFO    20% completed
2017-09-30 14:48:11.365+0000 INFO    30% completed
2017-09-30 14:48:11.365+0000 INFO    40% completed
2017-09-30 14:48:11.365+0000 INFO    50% completed
2017-09-30 14:48:11.365+0000 INFO    60% completed
2017-09-30 14:48:11.365+0000 INFO    70% completed
2017-09-30 14:48:11.365+0000 INFO    80% completed
2017-09-30 14:48:11.365+0000 INFO    90% completed
2017-09-30 14:48:11.365+0000 INFO    100% completed
2017-09-30 14:48:11.617+0000 INFO  Successfully finished upgrade of database
2017-09-30 14:48:14.139+0000 INFO  Started.
2017-09-30 14:48:15.318+0000 INFO  Remote interface available at http://localhost:7474/
2017-09-30 14:50:17.304+0000 INFO  Neo4j Server shutdown initiated by request
2017-09-30 14:50:17.305+0000 WARN   Thread signal failed
java.io.IOException: Thread signal failed
	at sun.nio.ch.NativeThread.signal(Native Method)
	at sun.nio.ch.ServerSocketChannelImpl.implCloseSelectableChannel(ServerSocketChannelImpl.java:292)
	at java.nio.channels.spi.AbstractSelectableChannel.implCloseChannel(AbstractSelectableChannel.java:234)
	at java.nio.channels.spi.AbstractInterruptibleChannel.close(AbstractInterruptibleChannel.java:115)
	at org.eclipse.jetty.server.ServerConnector.close(ServerConnector.java:359)
	at org.eclipse.jetty.server.AbstractNetworkConnector.shutdown(AbstractNetworkConnector.java:107)
	at org.eclipse.jetty.server.ServerConnector.shutdown(ServerConnector.java:341)
	at org.eclipse.jetty.server.Server.doStop(Server.java:404)
	at org.eclipse.jetty.util.component.AbstractLifeCycle.stop(AbstractLifeCycle.java:89)
	at org.neo4j.server.web.Jetty9WebServer.stop(Jetty9WebServer.java:194)
	at org.neo4j.server.AbstractNeoServer.stopWebServer(AbstractNeoServer.java:369)
	at org.neo4j.server.AbstractNeoServer.access$800(AbstractNeoServer.java:99)
	at org.neo4j.server.AbstractNeoServer$ServerComponentsLifecycleAdapter.stop(AbstractNeoServer.java:519)
	at org.neo4j.kernel.lifecycle.LifeSupport$LifecycleInstance.stop(LifeSupport.java:458)
	at org.neo4j.kernel.lifecycle.LifeSupport.stopInstances(LifeSupport.java:161)
	at org.neo4j.kernel.lifecycle.LifeSupport.stop(LifeSupport.java:143)
	at org.neo4j.server.AbstractNeoServer.stop(AbstractNeoServer.java:362)
	at org.neo4j.server.ServerBootstrapper$1.run(ServerBootstrapper.java:230)
2017-09-30 14:50:17.329+0000 INFO  Stopping...
2017-09-30 14:50:17.363+0000 INFO  Stopped.
2017-09-30 14:50:19.671+0000 INFO  ======== Neo4j 3.2.5 ========
2017-09-30 14:50:19.706+0000 INFO  Starting...
2017-09-30 14:50:20.801+0000 INFO  Bolt enabled on 127.0.0.1:7687.
2017-09-30 14:50:20.979+0000 INFO  Starting upgrade of database
2017-09-30 14:50:21.030+0000 INFO  Migrating Indexes (1/3):
2017-09-30 14:50:21.032+0000 INFO    10% completed
2017-09-30 14:50:21.032+0000 INFO    20% completed
2017-09-30 14:50:21.032+0000 INFO    30% completed
2017-09-30 14:50:21.032+0000 INFO    40% completed
2017-09-30 14:50:21.032+0000 INFO    50% completed
2017-09-30 14:50:21.032+0000 INFO    60% completed
2017-09-30 14:50:21.032+0000 INFO    70% completed
2017-09-30 14:50:21.032+0000 INFO    80% completed
2017-09-30 14:50:21.033+0000 INFO    90% completed
2017-09-30 14:50:21.033+0000 INFO    100% completed
2017-09-30 14:50:21.033+0000 INFO  Migrating Legacy indexes (2/3):
2017-09-30 14:50:21.118+0000 INFO    10% completed
2017-09-30 14:50:21.118+0000 INFO    20% completed
2017-09-30 14:50:21.119+0000 INFO    30% completed
2017-09-30 14:50:21.119+0000 INFO    40% completed
2017-09-30 14:50:21.119+0000 INFO    50% completed
2017-09-30 14:50:21.119+0000 INFO    60% completed
2017-09-30 14:50:21.119+0000 INFO    70% completed
2017-09-30 14:50:21.119+0000 INFO    80% completed
2017-09-30 14:50:21.119+0000 INFO    90% completed
2017-09-30 14:50:21.120+0000 INFO    100% completed
2017-09-30 14:50:21.120+0000 INFO  Migrating Store files (3/3):
2017-09-30 14:50:21.131+0000 INFO    10% completed
2017-09-30 14:50:21.131+0000 INFO    20% completed
2017-09-30 14:50:21.131+0000 INFO    30% completed
2017-09-30 14:50:21.131+0000 INFO    40% completed
2017-09-30 14:50:21.131+0000 INFO    50% completed
2017-09-30 14:50:21.131+0000 INFO    60% completed
2017-09-30 14:50:21.131+0000 INFO    70% completed
2017-09-30 14:50:21.132+0000 INFO    80% completed
2017-09-30 14:50:21.132+0000 INFO    90% completed
2017-09-30 14:50:21.132+0000 INFO    100% completed
2017-09-30 14:52:18.460+0000 INFO  Successfully finished upgrade of database
2017-09-30 14:53:06.617+0000 INFO  Started.
2017-09-30 14:53:10.229+0000 INFO  Remote interface available at http://localhost:7474/
2017-10-04 09:35:40.048+0000 INFO  Neo4j Server shutdown initiated by request
2017-10-04 09:35:40.392+0000 INFO  Stopping...
2017-10-04 09:35:41.109+0000 INFO  Stopped.
2017-10-06 13:12:14.640+0000 INFO  ======== Neo4j 3.2.5 ========
2017-10-06 13:12:14.727+0000 INFO  Starting...
2017-10-06 13:12:16.650+0000 INFO  Bolt enabled on 127.0.0.1:7687.
2017-10-06 13:12:16.940+0000 INFO  Starting upgrade of database
2017-10-06 13:12:16.971+0000 INFO  Migrating Indexes (1/3):
2017-10-06 13:12:16.974+0000 INFO    10% completed
2017-10-06 13:12:16.974+0000 INFO    20% completed
2017-10-06 13:12:16.974+0000 INFO    30% completed
2017-10-06 13:12:16.974+0000 INFO    40% completed
2017-10-06 13:12:16.975+0000 INFO    50% completed
2017-10-06 13:12:16.975+0000 INFO    60% completed
2017-10-06 13:12:16.975+0000 INFO    70% completed
2017-10-06 13:12:16.975+0000 INFO    80% completed
2017-10-06 13:12:16.975+0000 INFO    90% completed
2017-10-06 13:12:16.975+0000 INFO    100% completed
2017-10-06 13:12:16.976+0000 INFO  Migrating Legacy indexes (2/3):
2017-10-06 13:12:26.097+0000 ERROR Failed to start Neo4j: Starting Neo4j failed: Component 'org.neo4j.server.database.LifecycleManagingDatabase@2814f71a' was successfully initialized, but failed to start. Please see the attached cause exception "Format version is not supported (resource BufferedChecksumIndexInput(MMapIndexInput(path="/Users/quercini_gia/Documents/software/neo4j-community-3.2.5/data/databases/social-network/upgrade/index/lucene/relationship/crosslinks/segments_1"))): -11 (needs to be between 1071082519 and 1071082519). This version of Lucene only supports indexes created with release 4.0 and later.". Starting Neo4j failed: Component 'org.neo4j.server.database.LifecycleManagingDatabase@2814f71a' was successfully initialized, but failed to start. Please see the attached cause exception "Format version is not supported (resource BufferedChecksumIndexInput(MMapIndexInput(path="/Users/quercini_gia/Documents/software/neo4j-community-3.2.5/data/databases/social-network/upgrade/index/lucene/relationship/crosslinks/segments_1"))): -11 (needs to be between 1071082519 and 1071082519). This version of Lucene only supports indexes created with release 4.0 and later.".
org.neo4j.server.ServerStartupException: Starting Neo4j failed: Component 'org.neo4j.server.database.LifecycleManagingDatabase@2814f71a' was successfully initialized, but failed to start. Please see the attached cause exception "Format version is not supported (resource BufferedChecksumIndexInput(MMapIndexInput(path="/Users/quercini_gia/Documents/software/neo4j-community-3.2.5/data/databases/social-network/upgrade/index/lucene/relationship/crosslinks/segments_1"))): -11 (needs to be between 1071082519 and 1071082519). This version of Lucene only supports indexes created with release 4.0 and later.".
	at org.neo4j.server.exception.ServerStartupErrors.translateToServerStartupError(ServerStartupErrors.java:68)
	at org.neo4j.server.AbstractNeoServer.start(AbstractNeoServer.java:215)
	at org.neo4j.server.ServerBootstrapper.start(ServerBootstrapper.java:107)
	at org.neo4j.server.ServerBootstrapper.start(ServerBootstrapper.java:80)
	at org.neo4j.server.CommunityEntryPoint.main(CommunityEntryPoint.java:28)
Caused by: org.neo4j.kernel.lifecycle.LifecycleException: Component 'org.neo4j.server.database.LifecycleManagingDatabase@2814f71a' was successfully initialized, but failed to start. Please see the attached cause exception "Format version is not supported (resource BufferedChecksumIndexInput(MMapIndexInput(path="/Users/quercini_gia/Documents/software/neo4j-community-3.2.5/data/databases/social-network/upgrade/index/lucene/relationship/crosslinks/segments_1"))): -11 (needs to be between 1071082519 and 1071082519). This version of Lucene only supports indexes created with release 4.0 and later.".
	at org.neo4j.kernel.lifecycle.LifeSupport$LifecycleInstance.start(LifeSupport.java:444)
	at org.neo4j.kernel.lifecycle.LifeSupport.start(LifeSupport.java:107)
	at org.neo4j.server.AbstractNeoServer.start(AbstractNeoServer.java:207)
	... 3 more
Caused by: java.lang.RuntimeException: Error starting org.neo4j.kernel.impl.factory.GraphDatabaseFacadeFactory, /Users/quercini_gia/Documents/software/neo4j-community-3.2.5/data/databases/social-network
	at org.neo4j.kernel.impl.factory.GraphDatabaseFacadeFactory.initFacade(GraphDatabaseFacadeFactory.java:209)
	at org.neo4j.kernel.impl.factory.GraphDatabaseFacadeFactory.newFacade(GraphDatabaseFacadeFactory.java:124)
	at org.neo4j.server.CommunityNeoServer.lambda$static$0(CommunityNeoServer.java:58)
	at org.neo4j.server.database.LifecycleManagingDatabase.start(LifecycleManagingDatabase.java:89)
	at org.neo4j.kernel.lifecycle.LifeSupport$LifecycleInstance.start(LifeSupport.java:434)
	... 5 more
Caused by: org.neo4j.kernel.lifecycle.LifecycleException: Component 'org.neo4j.kernel.NeoStoreDataSource@32b4778a' was successfully initialized, but failed to start. Please see the attached cause exception "Format version is not supported (resource BufferedChecksumIndexInput(MMapIndexInput(path="/Users/quercini_gia/Documents/software/neo4j-community-3.2.5/data/databases/social-network/upgrade/index/lucene/relationship/crosslinks/segments_1"))): -11 (needs to be between 1071082519 and 1071082519). This version of Lucene only supports indexes created with release 4.0 and later.".
	at org.neo4j.kernel.lifecycle.LifeSupport$LifecycleInstance.start(LifeSupport.java:444)
	at org.neo4j.kernel.lifecycle.LifeSupport.start(LifeSupport.java:107)
	at org.neo4j.kernel.impl.transaction.state.DataSourceManager.start(DataSourceManager.java:100)
	at org.neo4j.kernel.lifecycle.LifeSupport$LifecycleInstance.start(LifeSupport.java:434)
	at org.neo4j.kernel.lifecycle.LifeSupport.start(LifeSupport.java:107)
	at org.neo4j.kernel.impl.factory.GraphDatabaseFacadeFactory.initFacade(GraphDatabaseFacadeFactory.java:205)
	... 9 more
Caused by: org.neo4j.kernel.impl.storemigration.StoreUpgrader$UnableToUpgradeException: Failure doing migration
	at org.neo4j.kernel.impl.storemigration.StoreUpgrader.migrateToIsolatedDirectory(StoreUpgrader.java:251)
	at org.neo4j.kernel.impl.storemigration.StoreUpgrader.migrateIfNeeded(StoreUpgrader.java:135)
	at org.neo4j.kernel.impl.storemigration.DatabaseMigrator.migrate(DatabaseMigrator.java:98)
	at org.neo4j.kernel.NeoStoreDataSource.upgradeStore(NeoStoreDataSource.java:564)
	at org.neo4j.kernel.NeoStoreDataSource.start(NeoStoreDataSource.java:424)
	at org.neo4j.kernel.lifecycle.LifeSupport$LifecycleInstance.start(LifeSupport.java:434)
	... 14 more
Caused by: java.io.IOException: Legacy index migration failed.
	at org.neo4j.kernel.impl.storemigration.participant.LegacyIndexMigrator.migrateLegacyIndexes(LegacyIndexMigrator.java:127)
	at org.neo4j.kernel.impl.storemigration.participant.LegacyIndexMigrator.migrate(LegacyIndexMigrator.java:77)
	at org.neo4j.kernel.impl.storemigration.StoreUpgrader.migrateToIsolatedDirectory(StoreUpgrader.java:243)
	... 19 more
Caused by: org.neo4j.upgrade.lucene.LegacyIndexMigrationException: Migration of legacy index at path:/Users/quercini_gia/Documents/software/neo4j-community-3.2.5/data/databases/social-network/upgrade/index/lucene/relationship/crosslinks failed.
	at org.neo4j.upgrade.lucene.LuceneLegacyIndexUpgrader.upgradeIndexes(LuceneLegacyIndexUpgrader.java:116)
	at org.neo4j.kernel.impl.storemigration.participant.LegacyIndexMigrator.migrateLegacyIndexes(LegacyIndexMigrator.java:121)
	... 21 more
Caused by: org.apache.lucene.index.IndexFormatTooOldException: Format version is not supported (resource BufferedChecksumIndexInput(MMapIndexInput(path="/Users/quercini_gia/Documents/software/neo4j-community-3.2.5/data/databases/social-network/upgrade/index/lucene/relationship/crosslinks/segments_1"))): -11 (needs to be between 1071082519 and 1071082519). This version of Lucene only supports indexes created with release 4.0 and later.
	at org.apache.lucene.index.SegmentInfos.readCommit(SegmentInfos.java:299)
	at org.apache.lucene.index.SegmentInfos$1.doBody(SegmentInfos.java:493)
	at org.apache.lucene.index.SegmentInfos$1.doBody(SegmentInfos.java:490)
	at org.apache.lucene.index.SegmentInfos$FindSegmentsFile.run(SegmentInfos.java:731)
	at org.apache.lucene.index.SegmentInfos$FindSegmentsFile.run(SegmentInfos.java:683)
	at org.apache.lucene.index.SegmentInfos.readLatestCommit(SegmentInfos.java:490)
	at org.apache.lucene.index.DirectoryReader.listCommits(DirectoryReader.java:257)
	at org.apache.lucene.index.IndexUpgrader.upgrade(IndexUpgrader.java:158)
	at org.apache.lucene.index.IndexUpgrader.main(IndexUpgrader.java:78)
	at org.neo4j.upgrade.lucene.IndexUpgraderWrapper.upgradeIndex(IndexUpgraderWrapper.java:66)
	at org.neo4j.upgrade.lucene.LuceneLegacyIndexUpgrader.upgradeIndexes(LuceneLegacyIndexUpgrader.java:111)
	... 22 more
2017-10-06 13:12:26.099+0000 INFO  Neo4j Server shutdown initiated by request
2017-10-06 13:36:57.612+0000 INFO  ======== Neo4j 3.2.5 ========
2017-10-06 13:36:57.667+0000 INFO  Starting...
2017-10-06 13:36:58.939+0000 INFO  Bolt enabled on 127.0.0.1:7687.
2017-10-06 13:36:59.195+0000 INFO  Starting upgrade of database
2017-10-06 13:36:59.290+0000 INFO  Migrating Indexes (1/3):
2017-10-06 13:36:59.293+0000 INFO    10% completed
2017-10-06 13:36:59.294+0000 INFO    20% completed
2017-10-06 13:36:59.294+0000 INFO    30% completed
2017-10-06 13:36:59.294+0000 INFO    40% completed
2017-10-06 13:36:59.294+0000 INFO    50% completed
2017-10-06 13:36:59.294+0000 INFO    60% completed
2017-10-06 13:36:59.295+0000 INFO    70% completed
2017-10-06 13:36:59.295+0000 INFO    80% completed
2017-10-06 13:36:59.295+0000 INFO    90% completed
2017-10-06 13:36:59.295+0000 INFO    100% completed
2017-10-06 13:36:59.295+0000 INFO  Migrating Legacy indexes (2/3):
2017-10-06 13:36:59.296+0000 INFO    10% completed
2017-10-06 13:36:59.296+0000 INFO    20% completed
2017-10-06 13:36:59.297+0000 INFO    30% completed
2017-10-06 13:36:59.297+0000 INFO    40% completed
2017-10-06 13:36:59.297+0000 INFO    50% completed
2017-10-06 13:36:59.297+0000 INFO    60% completed
2017-10-06 13:36:59.297+0000 INFO    70% completed
2017-10-06 13:36:59.298+0000 INFO    80% completed
2017-10-06 13:36:59.298+0000 INFO    90% completed
2017-10-06 13:36:59.298+0000 INFO    100% completed
2017-10-06 13:36:59.298+0000 INFO  Migrating Store files (3/3):
2017-10-06 13:36:59.303+0000 INFO    10% completed
2017-10-06 13:36:59.304+0000 INFO    20% completed
2017-10-06 13:36:59.304+0000 INFO    30% completed
2017-10-06 13:36:59.304+0000 INFO    40% completed
2017-10-06 13:36:59.304+0000 INFO    50% completed
2017-10-06 13:36:59.304+0000 INFO    60% completed
2017-10-06 13:36:59.304+0000 INFO    70% completed
2017-10-06 13:36:59.304+0000 INFO    80% completed
2017-10-06 13:36:59.304+0000 INFO    90% completed
2017-10-06 13:36:59.304+0000 INFO    100% completed
2017-10-06 13:37:07.433+0000 INFO  Successfully finished upgrade of database
2017-10-06 13:37:14.541+0000 INFO  Started.
2017-10-06 13:37:15.799+0000 INFO  Remote interface available at http://localhost:7474/
2017-10-06 14:33:52.363+0000 INFO  Neo4j Server shutdown initiated by request
2017-10-06 14:33:52.382+0000 INFO  Stopping...
2017-10-06 14:33:52.464+0000 INFO  Stopped.
2017-10-06 14:35:07.943+0000 INFO  ======== Neo4j 3.2.5 ========
2017-10-06 14:35:07.978+0000 INFO  Starting...
2017-10-06 14:35:09.228+0000 INFO  Bolt enabled on 127.0.0.1:7687.
2017-10-06 14:35:13.044+0000 INFO  Started.
2017-10-06 14:35:14.275+0000 INFO  Remote interface available at http://localhost:7474/
2017-10-06 14:35:23.266+0000 INFO  Neo4j Server shutdown initiated by request
2017-10-06 14:35:23.281+0000 INFO  Stopping...
2017-10-06 14:35:23.340+0000 INFO  Stopped.
2017-10-06 14:35:46.113+0000 INFO  ======== Neo4j 3.2.5 ========
2017-10-06 14:35:46.150+0000 INFO  Starting...
2017-10-06 14:35:47.230+0000 INFO  Bolt enabled on 127.0.0.1:7687.
2017-10-06 14:35:50.789+0000 INFO  Started.
2017-10-06 14:35:52.262+0000 INFO  Remote interface available at http://localhost:7474/
2017-10-06 14:36:03.698+0000 INFO  Neo4j Server shutdown initiated by request
2017-10-06 14:36:03.713+0000 INFO  Stopping...
2017-10-06 14:36:03.761+0000 INFO  Stopped.
2017-10-06 14:47:30.093+0000 INFO  ======== Neo4j 3.2.5 ========
2017-10-06 14:47:30.148+0000 INFO  Starting...
2017-10-06 14:47:31.483+0000 INFO  Bolt enabled on 127.0.0.1:7687.
2017-10-06 14:47:36.042+0000 INFO  Started.
2017-10-06 14:47:37.312+0000 INFO  Remote interface available at http://localhost:7474/
2017-10-13 16:00:08.103+0000 INFO  Neo4j Server shutdown initiated by request
2017-10-13 16:00:08.159+0000 INFO  Stopping...
2017-10-17 10:07:05.403+0000 INFO  ======== Neo4j 3.2.5 ========
2017-10-17 10:07:05.449+0000 INFO  Starting...
2017-10-17 10:07:06.629+0000 INFO  Bolt enabled on 127.0.0.1:7687.
2017-10-17 10:07:11.135+0000 INFO  Started.
2017-10-17 10:07:12.489+0000 INFO  Remote interface available at http://localhost:7474/
2017-10-17 10:16:27.645+0000 INFO  Neo4j Server shutdown initiated by request
2017-10-17 10:16:27.662+0000 INFO  Stopping...
2017-10-17 10:16:27.760+0000 INFO  Stopped.
2017-10-17 10:16:32.159+0000 INFO  ======== Neo4j 3.2.5 ========
2017-10-17 10:16:32.205+0000 INFO  Starting...
2017-10-17 10:16:33.229+0000 INFO  Bolt enabled on 127.0.0.1:7687.
2017-10-17 10:16:36.177+0000 INFO  Started.
2017-10-17 10:16:37.212+0000 INFO  Remote interface available at http://localhost:7474/
2017-10-17 11:07:24.018+0000 INFO  Neo4j Server shutdown initiated by request
2017-10-17 11:07:24.082+0000 INFO  Stopping...
2017-10-17 11:07:24.183+0000 INFO  Stopped.
2018-02-06 14:55:15.650+0000 INFO  ======== Neo4j 3.2.5 ========
2018-02-06 14:55:15.697+0000 INFO  Starting...
2018-02-06 14:55:16.914+0000 INFO  Bolt enabled on 127.0.0.1:7687.
2018-02-06 14:55:20.580+0000 INFO  Started.
2018-02-06 14:55:21.841+0000 INFO  Remote interface available at http://localhost:7474/
2018-02-06 14:57:41.109+0000 INFO  Neo4j Server shutdown initiated by request
2018-02-06 14:57:41.124+0000 INFO  Stopping...
2018-02-06 14:57:41.152+0000 INFO  Stopped.
2018-02-06 14:58:55.469+0000 INFO  ======== Neo4j 3.2.5 ========
2018-02-06 14:58:55.505+0000 INFO  Starting...
2018-02-06 14:58:56.465+0000 INFO  Bolt enabled on 127.0.0.1:7687.
2018-02-06 14:59:00.468+0000 INFO  Started.
2018-02-06 14:59:01.595+0000 INFO  Remote interface available at http://localhost:7474/
2018-02-06 15:00:56.358+0000 INFO  Neo4j Server shutdown initiated by request
2018-02-06 15:00:56.379+0000 INFO  Stopping...
2018-02-06 15:00:56.493+0000 INFO  Stopped.
